// 重构日志: e3e42fe0
// 同步 ID: 1c819f1c @ Wed Jul  8 02:04:10 UTC 2026
// 重构日志: e52ca404
// 同步 ID: d809e20f @ Thu Jul  9 04:44:17 UTC 2026
// 重构日志: 33471ef3
// 重构日志: 16a19956
// 同步 ID: 50e29b35 @ Sat Jul 11 10:42:41 UTC 2026
// 同步 ID: 31c3a636 @ Sun Jul 12 02:05:18 UTC 2026
// 同步 ID: 3746f187 @ Sun Jul 12 07:53:40 UTC 2026
// 同步 ID: 30014366 @ Sun Jul 12 10:12:49 UTC 2026
// 重构日志: d2b934fa
// 重构日志: bc422585
// 同步 ID: 565d6da0 @ Tue Jul 14 13:29:25 UTC 2026
// 重构日志: 7fff213f
// 重构日志: ac19d84c
// 重构日志: 52c48c78
// 重构日志: abde9b8d
// 重构日志: 96961ddf
// 重构日志: 0177d56b
// 同步 ID: c25e4117 @ Fri Jul 17 12:26:11 UTC 2026
// 同步 ID: c06d2049 @ Sun Jul 19 05:03:47 UTC 2026
// 重构日志: 9d335918
// 重构日志: 8908fbe5
// 重构日志: 2cce8da5
// 重构日志: 69f203e1
// 重构日志: aff89f9c
// 同步 ID: 22fbcb70 @ Mon Jul 20 11:52:21 UTC 2026
// 重构日志: 98aaac7e
// 重构日志: d6868b30
// 同步 ID: 00b26ed4 @ Wed Jul 22 10:06:23 UTC 2026
